<?xml version='1.0' encoding='UTF-8'?>
<result plugin="junit@1.21">
  <suites>
    <suite>
      <file>/home/jenkins/jobs/demoapp-build/workspace/target/failsafe-reports/TEST-com.cloudbees.demoapp.test.HelloWorldIntegrationTest.xml</file>
      <name>com.cloudbees.demoapp.test.HelloWorldIntegrationTest</name>
      <duration>3.187</duration>
      <time>3.187</time>
      <cases>
        <case>
          <duration>3.177</duration>
          <className>com.cloudbees.demoapp.test.HelloWorldIntegrationTest</className>
          <testName>runServerTest</testName>
          <skipped>false</skipped>
          <errorStackTrace>java.lang.RuntimeException: java.net.BindException: Address in use
Caused by: java.net.BindException: Address in use
</errorStackTrace>
          <errorDetails>java.net.BindException: Address in use</errorDetails>
          <stdout>INFO  [2020-10-07 14:44:09,981] org.eclipse.jetty.util.log: Logging initialized @3818ms to org.eclipse.jetty.util.log.Slf4jLog
INFO  [2020-10-07 14:44:10,241] io.dropwizard.server.DefaultServerFactory: Registering jersey handler with root path prefix: /
INFO  [2020-10-07 14:44:10,244] io.dropwizard.server.DefaultServerFactory: Registering admin handler with root path prefix: /
INFO  [2020-10-07 14:44:10,251] io.dropwizard.assets.AssetsBundle: Registering AssetBundle with name: assets for path /*
INFO  [2020-10-07 14:44:10,316] io.dropwizard.server.DefaultServerFactory: Registering jersey handler with root path prefix: /
INFO  [2020-10-07 14:44:10,318] io.dropwizard.server.DefaultServerFactory: Registering admin handler with root path prefix: /
INFO  [2020-10-07 14:44:10,321] io.dropwizard.server.ServerFactory: Starting hello-world
ERROR [2020-10-07 14:44:10,539] io.dropwizard.cli.ServerCommand: Unable to start server, shutting down
! java.net.BindException: Address in use
! at sun.nio.ch.Net.bind0(Native Method)
! at sun.nio.ch.Net.bind(Net.java:433)
! at sun.nio.ch.Net.bind(Net.java:425)
! at sun.nio.ch.ServerSocketChannelImpl.bind(ServerSocketChannelImpl.java:223)
! at sun.nio.ch.ServerSocketAdaptor.bind(ServerSocketAdaptor.java:74)
! at org.eclipse.jetty.server.ServerConnector.open(ServerConnector.java:298)
! at org.eclipse.jetty.setuid.SetUIDListener.lifeCycleStarting(SetUIDListener.java:200)
! ... 36 common frames omitted
! Causing: java.lang.RuntimeException: java.net.BindException: Address in use
! at org.eclipse.jetty.setuid.SetUIDListener.lifeCycleStarting(SetUIDListener.java:213)
! at org.eclipse.jetty.util.component.AbstractLifeCycle.setStarting(AbstractLifeCycle.java:188)
! at org.eclipse.jetty.util.component.AbstractLifeCycle.start(AbstractLifeCycle.java:67)
! at io.dropwizard.cli.ServerCommand.run(ServerCommand.java:53)
! at io.dropwizard.cli.EnvironmentCommand.run(EnvironmentCommand.java:44)
! at io.dropwizard.cli.ConfiguredCommand.run(ConfiguredCommand.java:85)
! at io.dropwizard.testing.DropwizardTestSupport.startIfRequired(DropwizardTestSupport.java:227)
! at io.dropwizard.testing.DropwizardTestSupport.before(DropwizardTestSupport.java:141)
! at io.dropwizard.testing.junit.DropwizardAppRule.before(DropwizardAppRule.java:154)
! at org.junit.rules.ExternalResource$1.evaluate(ExternalResource.java:46)
! at org.junit.rules.RunRules.evaluate(RunRules.java:20)
! at org.junit.runners.ParentRunner.runLeaf(ParentRunner.java:325)
! at org.junit.runners.BlockJUnit4ClassRunner.runChild(BlockJUnit4ClassRunner.java:78)
! at org.junit.runners.BlockJUnit4ClassRunner.runChild(BlockJUnit4ClassRunner.java:57)
! at org.junit.runners.ParentRunner$3.run(ParentRunner.java:290)
! at org.junit.runners.ParentRunner$1.schedule(ParentRunner.java:71)
! at org.junit.runners.ParentRunner.runChildren(ParentRunner.java:288)
! at org.junit.runners.ParentRunner.access$000(ParentRunner.java:58)
! at org.junit.runners.ParentRunner$2.evaluate(ParentRunner.java:268)
! at org.junit.runners.ParentRunner.run(ParentRunner.java:363)
! at org.junit.runners.Suite.runChild(Suite.java:128)
! at org.junit.runners.Suite.runChild(Suite.java:27)
! at org.junit.runners.ParentRunner$3.run(ParentRunner.java:290)
! at org.junit.runners.ParentRunner$1.schedule(ParentRunner.java:71)
! at org.junit.runners.ParentRunner.runChildren(ParentRunner.java:288)
! at org.junit.runners.ParentRunner.access$000(ParentRunner.java:58)
! at org.junit.runners.ParentRunner$2.evaluate(ParentRunner.java:268)
! at org.junit.runners.ParentRunner.run(ParentRunner.java:363)
! at org.apache.maven.surefire.junitcore.JUnitCore.run(JUnitCore.java:55)
! at org.apache.maven.surefire.junitcore.JUnitCoreWrapper.createRequestAndRun(JUnitCoreWrapper.java:137)
! at org.apache.maven.surefire.junitcore.JUnitCoreWrapper.executeEager(JUnitCoreWrapper.java:107)
! at org.apache.maven.surefire.junitcore.JUnitCoreWrapper.execute(JUnitCoreWrapper.java:83)
! at org.apache.maven.surefire.junitcore.JUnitCoreWrapper.execute(JUnitCoreWrapper.java:75)
! at org.apache.maven.surefire.junitcore.JUnitCoreProvider.invoke(JUnitCoreProvider.java:157)
! at org.apache.maven.surefire.booter.ForkedBooter.invokeProviderInSameClassLoader(ForkedBooter.java:386)
! at org.apache.maven.surefire.booter.ForkedBooter.runSuitesInProcess(ForkedBooter.java:323)
! at org.apache.maven.surefire.booter.ForkedBooter.main(ForkedBooter.java:143)
</stdout>
          <stderr>SLF4J: Class path contains multiple SLF4J bindings.
SLF4J: Found binding in [jar:file:/home/jenkins/jobs/demoapp-build/workspace/target/demoapp.jar!/org/slf4j/impl/StaticLoggerBinder.class]
SLF4J: Found binding in [jar:file:/home/jenkins/.m2/repository/ch/qos/logback/logback-classic/1.2.1/logback-classic-1.2.1.jar!/org/slf4j/impl/StaticLoggerBinder.class]
SLF4J: See http://www.slf4j.org/codes.html#multiple_bindings for an explanation.
SLF4J: Actual binding is of type [ch.qos.logback.classic.util.ContextSelectorStaticBinder]
</stderr>
          <failedSince>0</failedSince>
        </case>
      </cases>
    </suite>
    <suite>
      <file>/home/jenkins/jobs/demoapp-build/workspace/target/surefire-reports/TEST-com.cloudbees.demoapp.test.HelloWorldEndpointTest.xml</file>
      <name>com.cloudbees.demoapp.test.HelloWorldEndpointTest</name>
      <duration>1.948</duration>
      <time>1.948</time>
      <cases>
        <case>
          <duration>1.734</duration>
          <className>com.cloudbees.demoapp.test.HelloWorldEndpointTest</className>
          <testName>helloWorldDropwizard</testName>
          <skipped>false</skipped>
          <failedSince>0</failedSince>
        </case>
        <case>
          <duration>0.196</duration>
          <className>com.cloudbees.demoapp.test.HelloWorldEndpointTest</className>
          <testName>helloWorldAbsentName</testName>
          <skipped>false</skipped>
          <failedSince>0</failedSince>
        </case>
      </cases>
    </suite>
    <suite>
      <file>/home/jenkins/jobs/demoapp-build/workspace/target/surefire-reports/TEST-com.cloudbees.demoapp.test.HelloWorldResourceTest.xml</file>
      <name>com.cloudbees.demoapp.test.HelloWorldResourceTest</name>
      <duration>1.18</duration>
      <time>1.18</time>
      <cases>
        <case>
          <duration>0.071</duration>
          <className>com.cloudbees.demoapp.test.HelloWorldResourceTest</className>
          <testName>nameReturnsName</testName>
          <skipped>false</skipped>
          <failedSince>0</failedSince>
        </case>
        <case>
          <duration>0.004</duration>
          <className>com.cloudbees.demoapp.test.HelloWorldResourceTest</className>
          <testName>idStartsAtOne</testName>
          <skipped>false</skipped>
          <failedSince>0</failedSince>
        </case>
        <case>
          <duration>0.0</duration>
          <className>com.cloudbees.demoapp.test.HelloWorldResourceTest</className>
          <testName>idIncrementsByOne</testName>
          <skipped>false</skipped>
          <failedSince>0</failedSince>
        </case>
        <case>
          <duration>0.001</duration>
          <className>com.cloudbees.demoapp.test.HelloWorldResourceTest</className>
          <testName>absentNameReturnsDefaultName</testName>
          <skipped>false</skipped>
          <failedSince>0</failedSince>
        </case>
      </cases>
    </suite>
  </suites>
  <duration>6.315</duration>
  <keepLongStdio>false</keepLongStdio>
</result>