<?xml version='1.0' encoding='UTF-8'?>
<result plugin="junit@1.21">
  <suites>
    <suite>
      <file>/home/jenkins/jobs/demoapp-build/workspace/target/failsafe-reports/TEST-com.cloudbees.demoapp.test.HelloWorldIntegrationTest.xml</file>
      <name>com.cloudbees.demoapp.test.HelloWorldIntegrationTest</name>
      <duration>34.56</duration>
      <time>34.56</time>
      <cases>
        <case>
          <duration>34.552</duration>
          <className>com.cloudbees.demoapp.test.HelloWorldIntegrationTest</className>
          <testName>runServerTest</testName>
          <skipped>false</skipped>
          <failedSince>0</failedSince>
        </case>
      </cases>
    </suite>
    <suite>
      <file>/home/jenkins/jobs/demoapp-build/workspace/target/surefire-reports/TEST-com.cloudbees.demoapp.test.HelloWorldEndpointTest.xml</file>
      <name>com.cloudbees.demoapp.test.HelloWorldEndpointTest</name>
      <duration>2.014</duration>
      <time>2.014</time>
      <cases>
        <case>
          <duration>1.763</duration>
          <className>com.cloudbees.demoapp.test.HelloWorldEndpointTest</className>
          <testName>helloWorldDropwizard</testName>
          <skipped>false</skipped>
          <failedSince>0</failedSince>
        </case>
        <case>
          <duration>0.243</duration>
          <className>com.cloudbees.demoapp.test.HelloWorldEndpointTest</className>
          <testName>helloWorldAbsentName</testName>
          <skipped>false</skipped>
          <failedSince>0</failedSince>
        </case>
      </cases>
    </suite>
    <suite>
      <file>/home/jenkins/jobs/demoapp-build/workspace/target/surefire-reports/TEST-com.cloudbees.demoapp.test.HelloWorldResourceTest.xml</file>
      <name>com.cloudbees.demoapp.test.HelloWorldResourceTest</name>
      <duration>1.624</duration>
      <time>1.624</time>
      <cases>
        <case>
          <duration>0.102</duration>
          <className>com.cloudbees.demoapp.test.HelloWorldResourceTest</className>
          <testName>nameReturnsName</testName>
          <skipped>false</skipped>
          <failedSince>0</failedSince>
        </case>
        <case>
          <duration>0.006</duration>
          <className>com.cloudbees.demoapp.test.HelloWorldResourceTest</className>
          <testName>idStartsAtOne</testName>
          <skipped>false</skipped>
          <failedSince>0</failedSince>
        </case>
        <case>
          <duration>0.001</duration>
          <className>com.cloudbees.demoapp.test.HelloWorldResourceTest</className>
          <testName>idIncrementsByOne</testName>
          <skipped>false</skipped>
          <failedSince>0</failedSince>
        </case>
        <case>
          <duration>0.002</duration>
          <className>com.cloudbees.demoapp.test.HelloWorldResourceTest</className>
          <testName>absentNameReturnsDefaultName</testName>
          <skipped>false</skipped>
          <failedSince>0</failedSince>
        </case>
      </cases>
    </suite>
  </suites>
  <duration>38.198</duration>
  <keepLongStdio>false</keepLongStdio>
</result>