<?xml version='1.0' encoding='UTF-8'?>
<result plugin="junit@1.21">
  <suites>
    <suite>
      <file>/home/jenkins/jobs/demoapp-build/workspace/target/failsafe-reports/TEST-com.cloudbees.demoapp.test.HelloWorldIntegrationTest.xml</file>
      <name>com.cloudbees.demoapp.test.HelloWorldIntegrationTest</name>
      <duration>34.97</duration>
      <time>34.97</time>
      <cases>
        <case>
          <duration>34.965</duration>
          <className>com.cloudbees.demoapp.test.HelloWorldIntegrationTest</className>
          <testName>runServerTest</testName>
          <skipped>false</skipped>
          <failedSince>0</failedSince>
        </case>
      </cases>
    </suite>
    <suite>
      <file>/home/jenkins/jobs/demoapp-build/workspace/target/surefire-reports/TEST-com.cloudbees.demoapp.test.HelloWorldEndpointTest.xml</file>
      <name>com.cloudbees.demoapp.test.HelloWorldEndpointTest</name>
      <duration>2.008</duration>
      <time>2.008</time>
      <cases>
        <case>
          <duration>1.784</duration>
          <className>com.cloudbees.demoapp.test.HelloWorldEndpointTest</className>
          <testName>helloWorldDropwizard</testName>
          <skipped>false</skipped>
          <failedSince>0</failedSince>
        </case>
        <case>
          <duration>0.216</duration>
          <className>com.cloudbees.demoapp.test.HelloWorldEndpointTest</className>
          <testName>helloWorldAbsentName</testName>
          <skipped>false</skipped>
          <failedSince>0</failedSince>
        </case>
      </cases>
    </suite>
    <suite>
      <file>/home/jenkins/jobs/demoapp-build/workspace/target/surefire-reports/TEST-com.cloudbees.demoapp.test.HelloWorldResourceTest.xml</file>
      <name>com.cloudbees.demoapp.test.HelloWorldResourceTest</name>
      <duration>1.291</duration>
      <time>1.291</time>
      <cases>
        <case>
          <duration>0.097</duration>
          <className>com.cloudbees.demoapp.test.HelloWorldResourceTest</className>
          <testName>nameReturnsName</testName>
          <skipped>false</skipped>
          <failedSince>0</failedSince>
        </case>
        <case>
          <duration>0.012</duration>
          <className>com.cloudbees.demoapp.test.HelloWorldResourceTest</className>
          <testName>idStartsAtOne</testName>
          <skipped>false</skipped>
          <failedSince>0</failedSince>
        </case>
        <case>
          <duration>0.0</duration>
          <className>com.cloudbees.demoapp.test.HelloWorldResourceTest</className>
          <testName>idIncrementsByOne</testName>
          <skipped>false</skipped>
          <failedSince>0</failedSince>
        </case>
        <case>
          <duration>0.001</duration>
          <className>com.cloudbees.demoapp.test.HelloWorldResourceTest</className>
          <testName>absentNameReturnsDefaultName</testName>
          <skipped>false</skipped>
          <failedSince>0</failedSince>
        </case>
      </cases>
    </suite>
  </suites>
  <duration>38.269</duration>
  <keepLongStdio>false</keepLongStdio>
</result>