<?xml version='1.0' encoding='UTF-8'?>
<result plugin="junit@1.21">
  <suites>
    <suite>
      <file>/home/jenkins/jobs/demoapp-build/workspace/target/failsafe-reports/TEST-com.cloudbees.demoapp.test.HelloWorldIntegrationTest.xml</file>
      <name>com.cloudbees.demoapp.test.HelloWorldIntegrationTest</name>
      <duration>35.783</duration>
      <time>35.783</time>
      <cases>
        <case>
          <duration>35.774</duration>
          <className>com.cloudbees.demoapp.test.HelloWorldIntegrationTest</className>
          <testName>runServerTest</testName>
          <skipped>false</skipped>
          <failedSince>0</failedSince>
        </case>
      </cases>
    </suite>
    <suite>
      <file>/home/jenkins/jobs/demoapp-build/workspace/target/surefire-reports/TEST-com.cloudbees.demoapp.test.HelloWorldEndpointTest.xml</file>
      <name>com.cloudbees.demoapp.test.HelloWorldEndpointTest</name>
      <duration>3.036</duration>
      <time>3.036</time>
      <cases>
        <case>
          <duration>2.627</duration>
          <className>com.cloudbees.demoapp.test.HelloWorldEndpointTest</className>
          <testName>helloWorldDropwizard</testName>
          <skipped>false</skipped>
          <failedSince>0</failedSince>
        </case>
        <case>
          <duration>0.395</duration>
          <className>com.cloudbees.demoapp.test.HelloWorldEndpointTest</className>
          <testName>helloWorldAbsentName</testName>
          <skipped>false</skipped>
          <failedSince>0</failedSince>
        </case>
      </cases>
    </suite>
    <suite>
      <file>/home/jenkins/jobs/demoapp-build/workspace/target/surefire-reports/TEST-com.cloudbees.demoapp.test.HelloWorldResourceTest.xml</file>
      <name>com.cloudbees.demoapp.test.HelloWorldResourceTest</name>
      <duration>1.876</duration>
      <time>1.876</time>
      <cases>
        <case>
          <duration>0.176</duration>
          <className>com.cloudbees.demoapp.test.HelloWorldResourceTest</className>
          <testName>nameReturnsName</testName>
          <skipped>false</skipped>
          <failedSince>0</failedSince>
        </case>
        <case>
          <duration>0.015</duration>
          <className>com.cloudbees.demoapp.test.HelloWorldResourceTest</className>
          <testName>idStartsAtOne</testName>
          <skipped>false</skipped>
          <failedSince>0</failedSince>
        </case>
        <case>
          <duration>0.001</duration>
          <className>com.cloudbees.demoapp.test.HelloWorldResourceTest</className>
          <testName>idIncrementsByOne</testName>
          <skipped>false</skipped>
          <failedSince>0</failedSince>
        </case>
        <case>
          <duration>0.002</duration>
          <className>com.cloudbees.demoapp.test.HelloWorldResourceTest</className>
          <testName>absentNameReturnsDefaultName</testName>
          <skipped>false</skipped>
          <failedSince>0</failedSince>
        </case>
      </cases>
    </suite>
  </suites>
  <duration>40.695</duration>
  <keepLongStdio>false</keepLongStdio>
</result>